<?xml version="1.0" encoding="UTF-8" ?>
<testsuite tests="31" failures="0" name="com.revature.anthony.nguyen.project0.project0.MyTest" time="4.781" errors="0" skipped="0">
  <properties>
[...]
</properties>
  <testcase classname="com.revature.anthony.nguyen.project0.project0.MyTest" name="testUserOracleCheckUsernameThatExists" time="0.686"/>
  <testcase classname="com.revature.anthony.nguyen.project0.project0.MyTest" name="testDeleteFalseAccountAsAdmin" time="0.135"/>
  <testcase classname="com.revature.anthony.nguyen.project0.project0.MyTest" name="testCreateCheckingAccount" time="0.128"/>
  <testcase classname="com.revature.anthony.nguyen.project0.project0.MyTest" name="testUserOracleLoginNonExistingUser" time="0.118"/>
  <testcase classname="com.revature.anthony.nguyen.project0.project0.MyTest" name="testRetrieveAccounts" time="0.17"/>
  <testcase classname="com.revature.anthony.nguyen.project0.project0.MyTest" name="testWithdrawNegative" time="0.14"/>
  <testcase classname="com.revature.anthony.nguyen.project0.project0.MyTest" name="testDeleteAccountWithNoBalance" time="0.131"/>
  <testcase classname="com.revature.anthony.nguyen.project0.project0.MyTest" name="testUserOracleLoginWrongPassword" time="0.128"/>
  <testcase classname="com.revature.anthony.nguyen.project0.project0.MyTest" name="testRemoveUserExistingAsAdmin" time="0.122"/>
  <testcase classname="com.revature.anthony.nguyen.project0.project0.MyTest" name="testRemoveUserExistingWithBalance" time="0.145"/>
  <testcase classname="com.revature.anthony.nguyen.project0.project0.MyTest" name="testRetrieveAccountsAsAdmin" time="0.127"/>
  <testcase classname="com.revature.anthony.nguyen.project0.project0.MyTest" name="testUserOracleAddUserInDatabaseAlreadyExist" time="0.164"/>
  <testcase classname="com.revature.anthony.nguyen.project0.project0.MyTest" name="testTransferExtra" time="0.143"/>
  <testcase classname="com.revature.anthony.nguyen.project0.project0.MyTest" name="testRetrieveAccountsNonExistingUser" time="0.122"/>
  <testcase classname="com.revature.anthony.nguyen.project0.project0.MyTest" name="testRemoveUserExistingWithNoBalance" time="0.143"/>
  <testcase classname="com.revature.anthony.nguyen.project0.project0.MyTest" name="testUserOracleCheckUsernameNotExisting" time="0.122"/>
  <testcase classname="com.revature.anthony.nguyen.project0.project0.MyTest" name="testTransferNormal" time="0.158"/>
  <testcase classname="com.revature.anthony.nguyen.project0.project0.MyTest" name="testUserOracleAddUserInDatabase" time="0.102"/>
  <testcase classname="com.revature.anthony.nguyen.project0.project0.MyTest" name="testRemoveUserNonExistingAsAdmin" time="0.127"/>
  <testcase classname="com.revature.anthony.nguyen.project0.project0.MyTest" name="testCreateCheckingAccountNonExistingUser" time="0.117"/>
  <testcase classname="com.revature.anthony.nguyen.project0.project0.MyTest" name="testTransferVoidAccount" time="0.123"/>
  <testcase classname="com.revature.anthony.nguyen.project0.project0.MyTest" name="testWithdrawExtra" time="0.136"/>
  <testcase classname="com.revature.anthony.nguyen.project0.project0.MyTest" name="testRemoveUserNonExisting" time="0.107"/>
  <testcase classname="com.revature.anthony.nguyen.project0.project0.MyTest" name="testUserOracleLoginExistingUser" time="0.116"/>
  <testcase classname="com.revature.anthony.nguyen.project0.project0.MyTest" name="testDepositNegative" time="0.143"/>
  <testcase classname="com.revature.anthony.nguyen.project0.project0.MyTest" name="testDepositNormal" time="0.15"/>
  <testcase classname="com.revature.anthony.nguyen.project0.project0.MyTest" name="testDeleteAccountAsAdmin" time="0.144"/>
  <testcase classname="com.revature.anthony.nguyen.project0.project0.MyTest" name="testWithdrawNormal" time="0.134"/>
  <testcase classname="com.revature.anthony.nguyen.project0.project0.MyTest" name="testTransferNegative" time="0.209"/>
  <testcase classname="com.revature.anthony.nguyen.project0.project0.MyTest" name="testDeleteAccountWithBalance" time="0.17"/>
  <testcase classname="com.revature.anthony.nguyen.project0.project0.MyTest" name="testRetrieveUsersAsAdminNoUsers" time="0.121"/>
</testsuite>